<?xml version="1.0" encoding="UTF-8"?>
<!-- Generated by org.testng.reporters.JUnitXMLReporter -->
<testsuite ignored="1" hostname="L-IT-0198" failures="0" tests="1" name="Error validation test" time="9.303" errors="0" timestamp="2025-08-27T16:36:21 IST">
  <testcase classname="FrameworkBuild.Tests.ErrorValidations" name="LoginErrorValidations" time="0.946"/>
  <testcase classname="FrameworkBuild.Tests.ErrorValidations" name="ProductErrorValidations" time="0.0">
    <ignored/>
  </testcase> <!-- ProductErrorValidations -->
</testsuite> <!-- Error validation test -->
