<?xml version="1.0" encoding="UTF-8"?>
<!-- Generated by org.testng.reporters.JUnitXMLReporter -->
<testsuite ignored="0" hostname="L-IT-0198" failures="0" tests="3" name="Submit order test" time="25.817" errors="0" timestamp="2025-08-29T18:28:15 IST">
  <testcase classname="FrameworkBuild.Tests.StandAlone" name="SubmitOrder" time="4.596"/>
  <testcase classname="FrameworkBuild.Tests.StandAlone" name="SubmitOrder" time="5.294"/>
  <testcase classname="FrameworkBuild.Tests.StandAlone" name="OrderHistoryTest" time="1.17"/>
</testsuite> <!-- Submit order test -->
