<?xml version="1.0" encoding="UTF-8"?>
<testng-results ignored="0" total="5" passed="4" failed="1" skipped="0">
  <reporter-output>
  </reporter-output>
  <suite started-at="2025-08-29T18:27:49 IST" name="Suite" finished-at="2025-08-29T18:28:15 IST" duration-ms="25817">
    <groups>
      <group name="ErrorHandling">
        <method signature="ErrorValidations.LoginErrorValidations()[pri:0, instance:FrameworkBuild.Tests.ErrorValidations@2235eaab]" name="LoginErrorValidations" class="FrameworkBuild.Tests.ErrorValidations"/>
      </group> <!-- ErrorHandling -->
      <group name="Purchase">
        <method signature="StandAlone.SubmitOrder(java.util.HashMap)[pri:0, instance:FrameworkBuild.Tests.StandAlone@431cd9b2]" name="SubmitOrder" class="FrameworkBuild.Tests.StandAlone"/>
      </group> <!-- Purchase -->
    </groups>
    <test started-at="2025-08-29T18:27:49 IST" name="Error validation test" finished-at="2025-08-29T18:28:01 IST" duration-ms="12369">
      <class name="FrameworkBuild.Tests.ErrorValidations">
        <test-method is-config="true" signature="LaunchApplication()[pri:0, instance:FrameworkBuild.Tests.ErrorValidations@2235eaab]" started-at="2025-08-29T18:27:49 IST" name="LaunchApplication" finished-at="2025-08-29T18:27:53 IST" duration-ms="4373" status="PASS">
          <reporter-output>
          </reporter-output>
        </test-method> <!-- LaunchApplication -->
        <test-method signature="LoginErrorValidations()[pri:0, instance:FrameworkBuild.Tests.ErrorValidations@2235eaab]" started-at="2025-08-29T18:27:53 IST" name="LoginErrorValidations" finished-at="2025-08-29T18:27:54 IST" duration-ms="765" status="PASS">
          <reporter-output>
          </reporter-output>
        </test-method> <!-- LoginErrorValidations -->
        <test-method is-config="true" signature="tearDown()[pri:0, instance:FrameworkBuild.Tests.ErrorValidations@2235eaab]" started-at="2025-08-29T18:27:54 IST" name="tearDown" finished-at="2025-08-29T18:27:55 IST" duration-ms="347" status="PASS">
          <reporter-output>
          </reporter-output>
        </test-method> <!-- tearDown -->
        <test-method is-config="true" signature="LaunchApplication()[pri:0, instance:FrameworkBuild.Tests.ErrorValidations@2235eaab]" started-at="2025-08-29T18:27:55 IST" name="LaunchApplication" finished-at="2025-08-29T18:27:58 IST" duration-ms="3210" status="PASS">
          <reporter-output>
          </reporter-output>
        </test-method> <!-- LaunchApplication -->
        <test-method signature="ProductErrorValidations()[pri:0, instance:FrameworkBuild.Tests.ErrorValidations@2235eaab]" started-at="2025-08-29T18:27:58 IST" name="ProductErrorValidations" finished-at="2025-08-29T18:28:01 IST" duration-ms="2844" status="FAIL">
          <exception class="org.openqa.selenium.ElementClickInterceptedException">
            <message>
              <![CDATA[element click intercepted: Element is not clickable at point (978, 1135)
  (Session info: chrome=139.0.7258.128)
Build info: version: '4.33.0', revision: '2c6aaad03a'
System info: os.name: 'Windows 11', os.arch: 'amd64', os.version: '10.0', java.version: '21.0.5'
Driver info: org.openqa.selenium.chrome.ChromeDriver
Command: [1ca22475c64a286d21e401c5e1c21440, clickElement {id=f.A07BC8137A2E53A0DCCB870961A563C8.d.408E72B96200D43345AB5675C68CE723.e.93}]
Capabilities {acceptInsecureCerts: false, browserName: chrome, browserVersion: 139.0.7258.128, chrome: {chromedriverVersion: 139.0.7258.154 (9e0d6b2b47f..., userDataDir: C:\Users\kartheek.m\AppData...}, fedcm:accounts: true, goog:chromeOptions: {debuggerAddress: localhost:64960}, networkConnectionEnabled: false, pageLoadStrategy: normal, platformName: windows, proxy: Proxy(), se:cdp: ws://localhost:64960/devtoo..., se:cdpVersion: 139.0.7258.128, setWindowRect: true, strictFileInteractability: false, timeouts: {implicit: 0, pageLoad: 300000, script: 30000}, unhandledPromptBehavior: dismiss and notify, webauthn:extension:credBlob: true, webauthn:extension:largeBlob: true, webauthn:extension:minPinLength: true, webauthn:extension:prf: true, webauthn:virtualAuthenticators: true}
Element: [[[[ChromeDriver: chrome on windows (1ca22475c64a286d21e401c5e1c21440)] -> css selector: .mb-3]] -> css selector: .card-body button:last-of-type]
Session ID: 1ca22475c64a286d21e401c5e1c21440]]>
            </message>
            <full-stacktrace>
              <![CDATA[org.openqa.selenium.ElementClickInterceptedException: element click intercepted: Element is not clickable at point (978, 1135)
  (Session info: chrome=139.0.7258.128)
Build info: version: '4.33.0', revision: '2c6aaad03a'
System info: os.name: 'Windows 11', os.arch: 'amd64', os.version: '10.0', java.version: '21.0.5'
Driver info: org.openqa.selenium.chrome.ChromeDriver
Command: [1ca22475c64a286d21e401c5e1c21440, clickElement {id=f.A07BC8137A2E53A0DCCB870961A563C8.d.408E72B96200D43345AB5675C68CE723.e.93}]
Capabilities {acceptInsecureCerts: false, browserName: chrome, browserVersion: 139.0.7258.128, chrome: {chromedriverVersion: 139.0.7258.154 (9e0d6b2b47f..., userDataDir: C:\Users\kartheek.m\AppData...}, fedcm:accounts: true, goog:chromeOptions: {debuggerAddress: localhost:64960}, networkConnectionEnabled: false, pageLoadStrategy: normal, platformName: windows, proxy: Proxy(), se:cdp: ws://localhost:64960/devtoo..., se:cdpVersion: 139.0.7258.128, setWindowRect: true, strictFileInteractability: false, timeouts: {implicit: 0, pageLoad: 300000, script: 30000}, unhandledPromptBehavior: dismiss and notify, webauthn:extension:credBlob: true, webauthn:extension:largeBlob: true, webauthn:extension:minPinLength: true, webauthn:extension:prf: true, webauthn:virtualAuthenticators: true}
Element: [[[[ChromeDriver: chrome on windows (1ca22475c64a286d21e401c5e1c21440)] -> css selector: .mb-3]] -> css selector: .card-body button:last-of-type]
Session ID: 1ca22475c64a286d21e401c5e1c21440
at java.base/jdk.internal.reflect.DirectConstructorHandleAccessor.newInstance(DirectConstructorHandleAccessor.java:62)
at java.base/java.lang.reflect.Constructor.newInstanceWithCaller(Constructor.java:502)
at java.base/java.lang.reflect.Constructor.newInstance(Constructor.java:486)
at org.openqa.selenium.remote.ErrorCodec.decode(ErrorCodec.java:167)
at org.openqa.selenium.remote.codec.w3c.W3CHttpResponseCodec.decode(W3CHttpResponseCodec.java:138)
at org.openqa.selenium.remote.codec.w3c.W3CHttpResponseCodec.decode(W3CHttpResponseCodec.java:50)
at org.openqa.selenium.remote.HttpCommandExecutor.execute(HttpCommandExecutor.java:215)
at org.openqa.selenium.remote.service.DriverCommandExecutor.invokeExecute(DriverCommandExecutor.java:216)
at org.openqa.selenium.remote.service.DriverCommandExecutor.execute(DriverCommandExecutor.java:174)
at org.openqa.selenium.remote.RemoteWebDriver.execute(RemoteWebDriver.java:544)
at org.openqa.selenium.remote.RemoteWebElement.execute(RemoteWebElement.java:223)
at org.openqa.selenium.remote.RemoteWebElement.click(RemoteWebElement.java:76)
at FrameWorkBuild.pageObjects.ProductCatalog.addToCart(ProductCatalog.java:57)
at FrameworkBuild.Tests.ErrorValidations.ProductErrorValidations(ErrorValidations.java:31)
at java.base/jdk.internal.reflect.DirectMethodHandleAccessor.invoke(DirectMethodHandleAccessor.java:103)
at java.base/java.lang.reflect.Method.invoke(Method.java:580)
at org.testng.internal.invokers.MethodInvocationHelper.invokeMethod(MethodInvocationHelper.java:141)
at org.testng.internal.invokers.TestInvoker.invokeMethod(TestInvoker.java:687)
at org.testng.internal.invokers.TestInvoker.invokeTestMethod(TestInvoker.java:230)
at org.testng.internal.invokers.MethodRunner.runInSequence(MethodRunner.java:63)
at org.testng.internal.invokers.TestInvoker$MethodInvocationAgent.invoke(TestInvoker.java:995)
at org.testng.internal.invokers.TestInvoker.invokeTestMethods(TestInvoker.java:203)
at org.testng.internal.invokers.TestMethodWorker.invokeTestMethods(TestMethodWorker.java:154)
at org.testng.internal.invokers.TestMethodWorker.run(TestMethodWorker.java:134)
at java.base/java.util.ArrayList.forEach(ArrayList.java:1596)
at org.testng.TestRunner.privateRun(TestRunner.java:741)
at org.testng.TestRunner.run(TestRunner.java:616)
at org.testng.SuiteRunner.runTest(SuiteRunner.java:421)
at org.testng.SuiteRunner$SuiteWorker.run(SuiteRunner.java:463)
at org.testng.internal.thread.ThreadUtil.lambda$execute$0(ThreadUtil.java:64)
at java.base/java.util.concurrent.FutureTask.run(FutureTask.java:317)
at java.base/java.util.concurrent.ThreadPoolExecutor.runWorker(ThreadPoolExecutor.java:1144)
at java.base/java.util.concurrent.ThreadPoolExecutor$Worker.run(ThreadPoolExecutor.java:642)
at java.base/java.lang.Thread.run(Thread.java:1583)
]]>
            </full-stacktrace>
          </exception> <!-- org.openqa.selenium.ElementClickInterceptedException -->
          <reporter-output>
          </reporter-output>
        </test-method> <!-- ProductErrorValidations -->
        <test-method is-config="true" signature="tearDown()[pri:0, instance:FrameworkBuild.Tests.ErrorValidations@2235eaab]" started-at="2025-08-29T18:28:01 IST" name="tearDown" finished-at="2025-08-29T18:28:01 IST" duration-ms="344" status="PASS">
          <reporter-output>
          </reporter-output>
        </test-method> <!-- tearDown -->
      </class> <!-- FrameworkBuild.Tests.ErrorValidations -->
    </test> <!-- Error validation test -->
    <test started-at="2025-08-29T18:27:49 IST" name="Submit order test" finished-at="2025-08-29T18:28:15 IST" duration-ms="25817">
      <class name="FrameworkBuild.Tests.StandAlone">
        <test-method is-config="true" signature="LaunchApplication()[pri:0, instance:FrameworkBuild.Tests.StandAlone@431cd9b2]" started-at="2025-08-29T18:27:49 IST" name="LaunchApplication" finished-at="2025-08-29T18:27:53 IST" duration-ms="4075" status="PASS">
          <reporter-output>
          </reporter-output>
        </test-method> <!-- LaunchApplication -->
        <test-method signature="SubmitOrder(java.util.HashMap)[pri:0, instance:FrameworkBuild.Tests.StandAlone@431cd9b2]" started-at="2025-08-29T18:27:53 IST" name="SubmitOrder" data-provider="getData" finished-at="2025-08-29T18:27:58 IST" duration-ms="4596" status="PASS">
          <params>
            <param index="0">
              <value>
                <![CDATA[{productName=IPHONE 13 PRO, Email=Dhoni@gmail.com, Password=Dhoni@123}]]>
              </value>
            </param>
          </params>
          <reporter-output>
          </reporter-output>
        </test-method> <!-- SubmitOrder -->
        <test-method is-config="true" signature="tearDown()[pri:0, instance:FrameworkBuild.Tests.StandAlone@431cd9b2]" started-at="2025-08-29T18:27:58 IST" name="tearDown" finished-at="2025-08-29T18:27:58 IST" duration-ms="325" status="PASS">
          <reporter-output>
          </reporter-output>
        </test-method> <!-- tearDown -->
        <test-method is-config="true" signature="LaunchApplication()[pri:0, instance:FrameworkBuild.Tests.StandAlone@431cd9b2]" started-at="2025-08-29T18:27:58 IST" name="LaunchApplication" finished-at="2025-08-29T18:28:02 IST" duration-ms="3748" status="PASS">
          <reporter-output>
          </reporter-output>
        </test-method> <!-- LaunchApplication -->
        <test-method signature="SubmitOrder(java.util.HashMap)[pri:0, instance:FrameworkBuild.Tests.StandAlone@431cd9b2]" started-at="2025-08-29T18:28:02 IST" name="SubmitOrder" data-provider="getData" finished-at="2025-08-29T18:28:07 IST" duration-ms="5294" status="PASS">
          <params>
            <param index="0">
              <value>
                <![CDATA[{productName=ZARA COAT 3, Email=virat1@gmail.com, Password=Virat@123}]]>
              </value>
            </param>
          </params>
          <reporter-output>
          </reporter-output>
        </test-method> <!-- SubmitOrder -->
        <test-method is-config="true" signature="tearDown()[pri:0, instance:FrameworkBuild.Tests.StandAlone@431cd9b2]" started-at="2025-08-29T18:28:07 IST" name="tearDown" finished-at="2025-08-29T18:28:08 IST" duration-ms="438" status="PASS">
          <reporter-output>
          </reporter-output>
        </test-method> <!-- tearDown -->
        <test-method is-config="true" signature="LaunchApplication()[pri:0, instance:FrameworkBuild.Tests.StandAlone@431cd9b2]" started-at="2025-08-29T18:28:08 IST" name="LaunchApplication" finished-at="2025-08-29T18:28:11 IST" duration-ms="3544" status="PASS">
          <reporter-output>
          </reporter-output>
        </test-method> <!-- LaunchApplication -->
        <test-method signature="OrderHistoryTest()[pri:0, instance:FrameworkBuild.Tests.StandAlone@431cd9b2]" started-at="2025-08-29T18:28:11 IST" name="OrderHistoryTest" finished-at="2025-08-29T18:28:13 IST" depends-on-methods="FrameworkBuild.Tests.StandAlone.SubmitOrder" duration-ms="1170" status="PASS">
          <reporter-output>
          </reporter-output>
        </test-method> <!-- OrderHistoryTest -->
        <test-method is-config="true" signature="tearDown()[pri:0, instance:FrameworkBuild.Tests.StandAlone@431cd9b2]" started-at="2025-08-29T18:28:13 IST" name="tearDown" finished-at="2025-08-29T18:28:15 IST" duration-ms="2250" status="PASS">
          <reporter-output>
          </reporter-output>
        </test-method> <!-- tearDown -->
      </class> <!-- FrameworkBuild.Tests.StandAlone -->
    </test> <!-- Submit order test -->
  </suite> <!-- Suite -->
</testng-results>
